<?xml version="1.0" encoding="UTF-8"?>
<!-- Generated by org.testng.reporters.JUnitReportReporter -->
<testsuite skipped="0" hostname="fewac_pc_24" name="TestCase1" tests="1" failures="0" timestamp="10 feb 2018 06:53:05 GMT" time="5.381" errors="0">
  <testcase name="amazonAccount" time="5.381" classname="TestCase1"/>
</testsuite> <!-- TestCase1 -->
