<?xml version="1.0" encoding="UTF-8"?>
<!-- Generated by org.testng.reporters.JUnitReportReporter -->
<testsuite skipped="0" hostname="fewac_pc_24" name="NewTest" tests="1" failures="0" timestamp="20 ene 2018 20:09:31 GMT" time="6.965" errors="0">
  <testcase name="TestCaseONe" time="6.965" classname="NewTest"/>
</testsuite> <!-- NewTest -->
